


          SolidWorks Corporation - STEP Processor Error Log
          ______________________________________________________

                       STEP Post Processor
                       ___________________


STEP File Name: C:\Users\Mr.Mingant\Desktop\LItle Robot\Human_designneta v4.step


Les surfaces ont été correctement transformées en un corps volumique.
STEP: entrée terminée.Les surfaces ont été correctement transformées en un corps volumique.
STEP: entrée terminée.Les surfaces ont été correctement transformées en un corps volumique.
STEP: entrée terminée.#5088: Ring edge, vertex snapped onto curve
#5088: Ring edge, vertex snapped onto curve
Les surfaces ont été correctement transformées en un corps volumique.
STEP: entrée terminée.
Error: Ne peut pas créer de volume à partir de surfaces ajustées.
STEP: entrée n'a pas été terminée correctement.
Les surfaces ont été correctement transformées en un corps volumique.
STEP: entrée terminée.#5190: Ring edge, vertex snapped onto curve
#5190: Ring edge, vertex snapped onto curve
Les surfaces ont été correctement transformées en un corps volumique.
STEP: entrée terminée.
Error: Ne peut pas créer de volume à partir de surfaces ajustées.
STEP: entrée n'a pas été terminée correctement.
Les surfaces ont été correctement transformées en un corps volumique.
STEP: entrée terminée.Les surfaces ont été correctement transformées en un corps volumique.
STEP: entrée terminée.Les surfaces ont été correctement transformées en un corps volumique.
STEP: entrée terminée.
Error: Ne peut pas créer de volume à partir de surfaces ajustées.
STEP: entrée n'a pas été terminée correctement.
Les surfaces ont été correctement transformées en un corps volumique.
STEP: entrée terminée.
Error: Ne peut pas créer de volume à partir de surfaces ajustées.
STEP: entrée n'a pas été terminée correctement.
Les surfaces ont été correctement transformées en un corps volumique.
STEP: entrée terminée.Les surfaces ont été correctement transformées en un corps volumique.
STEP: entrée terminée.Les surfaces ont été correctement transformées en un corps volumique.
STEP: entrée terminée.
Error: Ne peut pas créer de volume à partir de surfaces ajustées.
STEP: entrée n'a pas été terminée correctement.
Les surfaces ont été correctement transformées en un corps volumique.
STEP: entrée terminée.Les surfaces ont été correctement transformées en un corps volumique.
STEP: entrée terminée.
Error: Ne peut pas créer de volume à partir de surfaces ajustées.
STEP: entrée n'a pas été terminée correctement.
Les surfaces ont été correctement transformées en un corps volumique.
STEP: entrée terminée.
Error: Ne peut pas créer de volume à partir de surfaces ajustées.
STEP: entrée n'a pas été terminée correctement.
Les surfaces ont été correctement transformées en un corps volumique.
STEP: entrée terminée.Les surfaces ont été correctement transformées en un corps volumique.
STEP: entrée terminée.Les surfaces ont été correctement transformées en un corps volumique.
STEP: entrée terminée.Les surfaces ont été correctement transformées en un corps volumique.
STEP: entrée terminée.Les surfaces ont été correctement transformées en un corps volumique.
STEP: entrée terminée.Les surfaces ont été correctement transformées en un corps volumique.
STEP: entrée terminée.Les surfaces ont été correctement transformées en un corps volumique.
STEP: entrée terminée.Les surfaces ont été correctement transformées en un corps volumique.
STEP: entrée terminée.
Error: Ne peut pas créer de volume à partir de surfaces ajustées.
STEP: entrée n'a pas été terminée correctement.
Les surfaces ont été correctement transformées en un corps volumique.
STEP: entrée terminée.
Error: Ne peut pas créer de volume à partir de surfaces ajustées.
STEP: entrée n'a pas été terminée correctement.
Les surfaces ont été correctement transformées en un corps volumique.
STEP: entrée terminée.
Error: Ne peut pas créer de volume à partir de surfaces ajustées.
STEP: entrée n'a pas été terminée correctement.
Les surfaces ont été correctement transformées en un corps volumique.
STEP: entrée terminée.
Error: Ne peut pas créer de volume à partir de surfaces ajustées.
STEP: entrée n'a pas été terminée correctement.
Les surfaces ont été correctement transformées en un corps volumique.
STEP: entrée terminée.
Error: Ne peut pas créer de volume à partir de surfaces ajustées.
STEP: entrée n'a pas été terminée correctement.
Les surfaces ont été correctement transformées en un corps volumique.
STEP: entrée terminée.
Error: Ne peut pas créer de volume à partir de surfaces ajustées.
STEP: entrée n'a pas été terminée correctement.
Les surfaces ont été correctement transformées en un corps volumique.
STEP: entrée terminée.Les surfaces ont été correctement transformées en un corps volumique.
STEP: entrée terminée.Les surfaces ont été correctement transformées en un corps volumique.
STEP: entrée terminée.Les surfaces ont été correctement transformées en un corps volumique.
STEP: entrée terminée.Les surfaces ont été correctement transformées en un corps volumique.
STEP: entrée terminée.
Error: Ne peut pas créer de volume à partir de surfaces ajustées.
STEP: entrée n'a pas été terminée correctement.
Les surfaces ont été correctement transformées en un corps volumique.
STEP: entrée terminée.
Error: Ne peut pas créer de volume à partir de surfaces ajustées.
STEP: entrée n'a pas été terminée correctement.
Les surfaces ont été correctement transformées en un corps volumique.
STEP: entrée terminée.
Error: Ne peut pas créer de volume à partir de surfaces ajustées.
STEP: entrée n'a pas été terminée correctement.
Les surfaces ont été correctement transformées en un corps volumique.
STEP: entrée terminée.
Error: Ne peut pas créer de volume à partir de surfaces ajustées.
STEP: entrée n'a pas été terminée correctement.
