


          SolidWorks Corporation - STEP Processor Error Log
          ______________________________________________________

                       STEP Post Processor
                       ___________________


STEP File Name: C:\Users\Mr.Mingant\Desktop\CAD_MRG-01_CLOVIS\STEP\CLOVIS_Simulation.STEP


Les surfaces ont été correctement transformées en un corps volumique.
STEP: entrée terminée.Les surfaces ont été correctement transformées en un corps volumique.
STEP: entrée terminée.Les surfaces ont été correctement transformées en un corps volumique.
STEP: entrée terminée.Les surfaces ont été correctement transformées en un corps volumique.
STEP: entrée terminée.Les surfaces ont été correctement transformées en un corps volumique.
STEP: entrée terminée.Les surfaces ont été correctement transformées en un corps volumique.
STEP: entrée terminée.Les surfaces ont été correctement transformées en un corps volumique.
STEP: entrée terminée.Les surfaces ont été correctement transformées en un corps volumique.
STEP: entrée terminée.Les surfaces ont été correctement transformées en un corps volumique.
STEP: entrée terminée.Les surfaces ont été correctement transformées en un corps volumique.
STEP: entrée terminée.Les surfaces ont été correctement transformées en un corps volumique.
STEP: entrée terminée.Les surfaces ont été correctement transformées en un corps volumique.
STEP: entrée terminée.Les surfaces ont été correctement transformées en un corps volumique.
STEP: entrée terminée.Les surfaces ont été correctement transformées en un corps volumique.
STEP: entrée terminée.Les surfaces ont été correctement transformées en un corps volumique.
STEP: entrée terminée.Les surfaces ont été correctement transformées en un corps volumique.
STEP: entrée terminée.Les surfaces ont été correctement transformées en un corps volumique.
STEP: entrée terminée.Les surfaces ont été correctement transformées en un corps volumique.
STEP: entrée terminée.Les surfaces ont été correctement transformées en un corps volumique.
STEP: entrée terminée.Les surfaces ont été correctement transformées en un corps volumique.
STEP: entrée terminée.Les surfaces ont été correctement transformées en un corps volumique.
STEP: entrée terminée.Les surfaces ont été correctement transformées en un corps volumique.
STEP: entrée terminée.Les surfaces ont été correctement transformées en un corps volumique.
STEP: entrée terminée.Les surfaces ont été correctement transformées en un corps volumique.
STEP: entrée terminée.Les surfaces ont été correctement transformées en un corps volumique.
STEP: entrée terminée.Les surfaces ont été correctement transformées en un corps volumique.
STEP: entrée terminée.Les surfaces ont été correctement transformées en un corps volumique.
STEP: entrée terminée.Les surfaces ont été correctement transformées en un corps volumique.
STEP: entrée terminée.Les surfaces ont été correctement transformées en un corps volumique.
STEP: entrée terminée.
Error: Ne peut pas créer de volume à partir de surfaces ajustées.
STEP: entrée n'a pas été terminée correctement.
Les surfaces ont été correctement transformées en un corps volumique.
STEP: entrée terminée.Les surfaces ont été correctement transformées en un corps volumique.
STEP: entrée terminée.Les surfaces ont été correctement transformées en un corps volumique.
STEP: entrée terminée.Les surfaces ont été correctement transformées en un corps volumique.
STEP: entrée terminée.Les surfaces ont été correctement transformées en un corps volumique.
STEP: entrée terminée.Les surfaces ont été correctement transformées en un corps volumique.
STEP: entrée terminée.Les surfaces ont été correctement transformées en un corps volumique.
STEP: entrée terminée.Les surfaces ont été correctement transformées en un corps volumique.
STEP: entrée terminée.Les surfaces ont été correctement transformées en un corps volumique.
STEP: entrée terminée.Les surfaces ont été correctement transformées en un corps volumique.
STEP: entrée terminée.Les surfaces ont été correctement transformées en un corps volumique.
STEP: entrée terminée.Les surfaces ont été correctement transformées en un corps volumique.
STEP: entrée terminée.Les surfaces ont été correctement transformées en un corps volumique.
STEP: entrée terminée.Les surfaces ont été correctement transformées en un corps volumique.
STEP: entrée terminée.Les surfaces ont été correctement transformées en un corps volumique.
STEP: entrée terminée.Les surfaces ont été correctement transformées en un corps volumique.
STEP: entrée terminée.Les surfaces ont été correctement transformées en un corps volumique.
STEP: entrée terminée.Les surfaces ont été correctement transformées en un corps volumique.
STEP: entrée terminée.Les surfaces ont été correctement transformées en un corps volumique.
STEP: entrée terminée.Les surfaces ont été correctement transformées en un corps volumique.
STEP: entrée terminée.Les surfaces ont été correctement transformées en un corps volumique.
STEP: entrée terminée.Les surfaces ont été correctement transformées en un corps volumique.
STEP: entrée terminée.Les surfaces ont été correctement transformées en un corps volumique.
STEP: entrée terminée.Les surfaces ont été correctement transformées en un corps volumique.
STEP: entrée terminée.Les surfaces ont été correctement transformées en un corps volumique.
STEP: entrée terminée.Les surfaces ont été correctement transformées en un corps volumique.
STEP: entrée terminée.Les surfaces ont été correctement transformées en un corps volumique.
STEP: entrée terminée.Les surfaces ont été correctement transformées en un corps volumique.
STEP: entrée terminée.Les surfaces ont été correctement transformées en un corps volumique.
STEP: entrée terminée.Les surfaces ont été correctement transformées en un corps volumique.
STEP: entrée terminée.Les surfaces ont été correctement transformées en un corps volumique.
STEP: entrée terminée.Les surfaces ont été correctement transformées en un corps volumique.
STEP: entrée terminée.Les surfaces ont été correctement transformées en un corps volumique.
STEP: entrée terminée.Les surfaces ont été correctement transformées en un corps volumique.
STEP: entrée terminée.Les surfaces ont été correctement transformées en un corps volumique.
STEP: entrée terminée.Les surfaces ont été correctement transformées en un corps volumique.
STEP: entrée terminée.Les surfaces ont été correctement transformées en un corps volumique.
STEP: entrée terminée.Les surfaces ont été correctement transformées en un corps volumique.
STEP: entrée terminée.Les surfaces ont été correctement transformées en un corps volumique.
STEP: entrée terminée.Les surfaces ont été correctement transformées en un corps volumique.
STEP: entrée terminée.Les surfaces ont été correctement transformées en un corps volumique.
STEP: entrée terminée.Les surfaces ont été correctement transformées en un corps volumique.
STEP: entrée terminée.Les surfaces ont été correctement transformées en un corps volumique.
STEP: entrée terminée.Les surfaces ont été correctement transformées en un corps volumique.
STEP: entrée terminée.Les surfaces ont été correctement transformées en un corps volumique.
STEP: entrée terminée.Les surfaces ont été correctement transformées en un corps volumique.
STEP: entrée terminée.Les surfaces ont été correctement transformées en un corps volumique.
STEP: entrée terminée.Les surfaces ont été correctement transformées en un corps volumique.
STEP: entrée terminée.Les surfaces ont été correctement transformées en un corps volumique.
STEP: entrée terminée.Les surfaces ont été correctement transformées en un corps volumique.
STEP: entrée terminée.Les surfaces ont été correctement transformées en un corps volumique.
STEP: entrée terminée.Les surfaces ont été correctement transformées en un corps volumique.
STEP: entrée terminée.Les surfaces ont été correctement transformées en un corps volumique.
STEP: entrée terminée.Les surfaces ont été correctement transformées en un corps volumique.
STEP: entrée terminée.Les surfaces ont été correctement transformées en un corps volumique.
STEP: entrée terminée.ATTENTION: Surface problem...Les surfaces ont été correctement transformées en un corps volumique.
STEP: entrée terminée.Les surfaces ont été correctement transformées en un corps volumique.
STEP: entrée terminée.Les surfaces ont été correctement transformées en un corps volumique.
STEP: entrée terminée.Les surfaces ont été correctement transformées en un corps volumique.
STEP: entrée terminée.Les surfaces ont été correctement transformées en un corps volumique.
STEP: entrée terminée.Les surfaces ont été correctement transformées en un corps volumique.
STEP: entrée terminée.Les surfaces ont été correctement transformées en un corps volumique.
STEP: entrée terminée.Les surfaces ont été correctement transformées en un corps volumique.
STEP: entrée terminée.Les surfaces ont été correctement transformées en un corps volumique.
STEP: entrée terminée.Les surfaces ont été correctement transformées en un corps volumique.
STEP: entrée terminée.Les surfaces ont été correctement transformées en un corps volumique.
STEP: entrée terminée.Les surfaces ont été correctement transformées en un corps volumique.
STEP: entrée terminée.Les surfaces ont été correctement transformées en un corps volumique.
STEP: entrée terminée.Les surfaces ont été correctement transformées en un corps volumique.
STEP: entrée terminée.Les surfaces ont été correctement transformées en un corps volumique.
STEP: entrée terminée.Les surfaces ont été correctement transformées en un corps volumique.
STEP: entrée terminée.Les surfaces ont été correctement transformées en un corps volumique.
STEP: entrée terminée.Les surfaces ont été correctement transformées en un corps volumique.
STEP: entrée terminée.Les surfaces ont été correctement transformées en un corps volumique.
STEP: entrée terminée.Les surfaces ont été correctement transformées en un corps volumique.
STEP: entrée terminée.Les surfaces ont été correctement transformées en un corps volumique.
STEP: entrée terminée.Les surfaces ont été correctement transformées en un corps volumique.
STEP: entrée terminée.Les surfaces ont été correctement transformées en un corps volumique.
STEP: entrée terminée.Les surfaces ont été correctement transformées en un corps volumique.
STEP: entrée terminée.Les surfaces ont été correctement transformées en un corps volumique.
STEP: entrée terminée.Les surfaces ont été correctement transformées en un corps volumique.
STEP: entrée terminée.Les surfaces ont été correctement transformées en un corps volumique.
STEP: entrée terminée.Les surfaces ont été correctement transformées en un corps volumique.
STEP: entrée terminée.Les surfaces ont été correctement transformées en un corps volumique.
STEP: entrée terminée.Les surfaces ont été correctement transformées en un corps volumique.
STEP: entrée terminée.Les surfaces ont été correctement transformées en un corps volumique.
STEP: entrée terminée.Les surfaces ont été correctement transformées en un corps volumique.
STEP: entrée terminée.Les surfaces ont été correctement transformées en un corps volumique.
STEP: entrée terminée.Les surfaces ont été correctement transformées en un corps volumique.
STEP: entrée terminée.Les surfaces ont été correctement transformées en un corps volumique.
STEP: entrée terminée.Les surfaces ont été correctement transformées en un corps volumique.
STEP: entrée terminée.Les surfaces ont été correctement transformées en un corps volumique.
STEP: entrée terminée.Les surfaces ont été correctement transformées en un corps volumique.
STEP: entrée terminée.Les surfaces ont été correctement transformées en un corps volumique.
STEP: entrée terminée.Les surfaces ont été correctement transformées en un corps volumique.
STEP: entrée terminée.Les surfaces ont été correctement transformées en un corps volumique.
STEP: entrée terminée.Les surfaces ont été correctement transformées en un corps volumique.
STEP: entrée terminée.Les surfaces ont été correctement transformées en un corps volumique.
STEP: entrée terminée.Les surfaces ont été correctement transformées en un corps volumique.
STEP: entrée terminée.Les surfaces ont été correctement transformées en un corps volumique.
STEP: entrée terminée.Les surfaces ont été correctement transformées en un corps volumique.
STEP: entrée terminée.Les surfaces ont été correctement transformées en un corps volumique.
STEP: entrée terminée.Les surfaces ont été correctement transformées en un corps volumique.
STEP: entrée terminée.Les surfaces ont été correctement transformées en un corps volumique.
STEP: entrée terminée.Les surfaces ont été correctement transformées en un corps volumique.
STEP: entrée terminée.Les surfaces ont été correctement transformées en un corps volumique.
STEP: entrée terminée.Les surfaces ont été correctement transformées en un corps volumique.
STEP: entrée terminée.Les surfaces ont été correctement transformées en un corps volumique.
STEP: entrée terminée.Les surfaces ont été correctement transformées en un corps volumique.
STEP: entrée terminée.Les surfaces ont été correctement transformées en un corps volumique.
STEP: entrée terminée.Les surfaces ont été correctement transformées en un corps volumique.
STEP: entrée terminée.Les surfaces ont été correctement transformées en un corps volumique.
STEP: entrée terminée.Les surfaces ont été correctement transformées en un corps volumique.
STEP: entrée terminée.Les surfaces ont été correctement transformées en un corps volumique.
STEP: entrée terminée.Les surfaces ont été correctement transformées en un corps volumique.
STEP: entrée terminée.Les surfaces ont été correctement transformées en un corps volumique.
STEP: entrée terminée.Les surfaces ont été correctement transformées en un corps volumique.
STEP: entrée terminée.Les surfaces ont été correctement transformées en un corps volumique.
STEP: entrée terminée.Les surfaces ont été correctement transformées en un corps volumique.
STEP: entrée terminée.Les surfaces ont été correctement transformées en un corps volumique.
STEP: entrée terminée.Les surfaces ont été correctement transformées en un corps volumique.
STEP: entrée terminée.Les surfaces ont été correctement transformées en un corps volumique.
STEP: entrée terminée.Les surfaces ont été correctement transformées en un corps volumique.
STEP: entrée terminée.Les surfaces ont été correctement transformées en un corps volumique.
STEP: entrée terminée.Les surfaces ont été correctement transformées en un corps volumique.
STEP: entrée terminée.Les surfaces ont été correctement transformées en un corps volumique.
STEP: entrée terminée.Les surfaces ont été correctement transformées en un corps volumique.
STEP: entrée terminée.Les surfaces ont été correctement transformées en un corps volumique.
STEP: entrée terminée.Les surfaces ont été correctement transformées en un corps volumique.
STEP: entrée terminée.Les surfaces ont été correctement transformées en un corps volumique.
STEP: entrée terminée.Les surfaces ont été correctement transformées en un corps volumique.
STEP: entrée terminée.Les surfaces ont été correctement transformées en un corps volumique.
STEP: entrée terminée.Les surfaces ont été correctement transformées en un corps volumique.
STEP: entrée terminée.Les surfaces ont été correctement transformées en un corps volumique.
STEP: entrée terminée.Les surfaces ont été correctement transformées en un corps volumique.
STEP: entrée terminée.Les surfaces ont été correctement transformées en un corps volumique.
STEP: entrée terminée.Les surfaces ont été correctement transformées en un corps volumique.
STEP: entrée terminée.Les surfaces ont été correctement transformées en un corps volumique.
STEP: entrée terminée.Les surfaces ont été correctement transformées en un corps volumique.
STEP: entrée terminée.Les surfaces ont été correctement transformées en un corps volumique.
STEP: entrée terminée.Les surfaces ont été correctement transformées en un corps volumique.
STEP: entrée terminée.Les surfaces ont été correctement transformées en un corps volumique.
STEP: entrée terminée.Les surfaces ont été correctement transformées en un corps volumique.
STEP: entrée terminée.Les surfaces ont été correctement transformées en un corps volumique.
STEP: entrée terminée.Les surfaces ont été correctement transformées en un corps volumique.
STEP: entrée terminée.Les surfaces ont été correctement transformées en un corps volumique.
STEP: entrée terminée.Les surfaces ont été correctement transformées en un corps volumique.
STEP: entrée terminée.Les surfaces ont été correctement transformées en un corps volumique.
STEP: entrée terminée.Les surfaces ont été correctement transformées en un corps volumique.
STEP: entrée terminée.Les surfaces ont été correctement transformées en un corps volumique.
STEP: entrée terminée.Les surfaces ont été correctement transformées en un corps volumique.
STEP: entrée terminée.Les surfaces ont été correctement transformées en un corps volumique.
STEP: entrée terminée.Les surfaces ont été correctement transformées en un corps volumique.
STEP: entrée terminée.Les surfaces ont été correctement transformées en un corps volumique.
STEP: entrée terminée.Les surfaces ont été correctement transformées en un corps volumique.
STEP: entrée terminée.Les surfaces ont été correctement transformées en un corps volumique.
STEP: entrée terminée.Les surfaces ont été correctement transformées en un corps volumique.
STEP: entrée terminée.Les surfaces ont été correctement transformées en un corps volumique.
STEP: entrée terminée.Les surfaces ont été correctement transformées en un corps volumique.
STEP: entrée terminée.Les surfaces ont été correctement transformées en un corps volumique.
STEP: entrée terminée.Les surfaces ont été correctement transformées en un corps volumique.
STEP: entrée terminée.Les surfaces ont été correctement transformées en un corps volumique.
STEP: entrée terminée.Les surfaces ont été correctement transformées en un corps volumique.
STEP: entrée terminée.Les surfaces ont été correctement transformées en un corps volumique.
STEP: entrée terminée.
Error: Ne peut pas créer de volume à partir de surfaces ajustées.
STEP: entrée n'a pas été terminée correctement.
Les surfaces ont été correctement transformées en un corps volumique.
STEP: entrée terminée.Les surfaces ont été correctement transformées en un corps volumique.
STEP: entrée terminée.Les surfaces ont été correctement transformées en un corps volumique.
STEP: entrée terminée.Les surfaces ont été correctement transformées en un corps volumique.
STEP: entrée terminée.Les surfaces ont été correctement transformées en un corps volumique.
STEP: entrée terminée.Les surfaces ont été correctement transformées en un corps volumique.
STEP: entrée terminée.Les surfaces ont été correctement transformées en un corps volumique.
STEP: entrée terminée.Les surfaces ont été correctement transformées en un corps volumique.
STEP: entrée terminée.Les surfaces ont été correctement transformées en un corps volumique.
STEP: entrée terminée.Les surfaces ont été correctement transformées en un corps volumique.
STEP: entrée terminée.Les surfaces ont été correctement transformées en un corps volumique.
STEP: entrée terminée.Les surfaces ont été correctement transformées en un corps volumique.
STEP: entrée terminée.Les surfaces ont été correctement transformées en un corps volumique.
STEP: entrée terminée.Les surfaces ont été correctement transformées en un corps volumique.
STEP: entrée terminée.Les surfaces ont été correctement transformées en un corps volumique.
STEP: entrée terminée.Les surfaces ont été correctement transformées en un corps volumique.
STEP: entrée terminée.Les surfaces ont été correctement transformées en un corps volumique.
STEP: entrée terminée.Les surfaces ont été correctement transformées en un corps volumique.
STEP: entrée terminée.Les surfaces ont été correctement transformées en un corps volumique.
STEP: entrée terminée.Les surfaces ont été correctement transformées en un corps volumique.
STEP: entrée terminée.Les surfaces ont été correctement transformées en un corps volumique.
STEP: entrée terminée.Les surfaces ont été correctement transformées en un corps volumique.
STEP: entrée terminée.